2025-08-05 20:24:01 [SpringApplicationShutdownHook] INFO  o.s.o.j.LocalContainerEntityManagerFactoryBean - Closing JPA EntityManagerFactory for persistence unit 'default'
2025-08-05 20:24:01 [SpringApplicationShutdownHook] DEBUG org.hibernate.SQL - drop table if exists products cascade 
2025-08-05 20:24:01 [SpringApplicationShutdownHook] DEBUG org.hibernate.SQL - drop table if exists roles cascade 
2025-08-05 20:24:01 [SpringApplicationShutdownHook] DEBUG org.hibernate.SQL - drop table if exists user_roles cascade 
2025-08-05 20:24:01 [SpringApplicationShutdownHook] DEBUG org.hibernate.SQL - drop table if exists users cascade 
2025-08-05 20:24:01 [SpringApplicationShutdownHook] INFO  com.zaxxer.hikari.HikariDataSource - HikariPool-1 - Shutdown initiated...
2025-08-05 20:24:01 [SpringApplicationShutdownHook] INFO  com.zaxxer.hikari.HikariDataSource - HikariPool-1 - Shutdown completed.
2025-08-05 20:24:20 [main] INFO  c.e.backend.EcommerceApplication - Starting EcommerceApplication using Java 17.0.12 with PID 22088 (C:\Users\Rentadvisor\OneDrive\Desktop\Prueba Tecnica\Prueba_Tecnica_2\backend\target\classes started by Rentadvisor in C:\Users\Rentadvisor\OneDrive\Desktop\Prueba Tecnica\Prueba_Tecnica_2\backend)
2025-08-05 20:24:20 [main] INFO  c.e.backend.EcommerceApplication - No active profile set, falling back to 1 default profile: "default"
2025-08-05 20:24:20 [main] INFO  o.s.d.r.c.RepositoryConfigurationDelegate - Bootstrapping Spring Data JPA repositories in DEFAULT mode.
2025-08-05 20:24:20 [main] INFO  o.s.d.r.c.RepositoryConfigurationDelegate - Finished Spring Data repository scanning in 41 ms. Found 3 JPA repository interfaces.
2025-08-05 20:24:20 [main] INFO  o.s.b.w.e.tomcat.TomcatWebServer - Tomcat initialized with port 8080 (http)
2025-08-05 20:24:20 [main] INFO  o.a.catalina.core.StandardService - Starting service [Tomcat]
2025-08-05 20:24:20 [main] INFO  o.a.catalina.core.StandardEngine - Starting Servlet engine: [Apache Tomcat/10.1.16]
2025-08-05 20:24:21 [main] INFO  o.a.c.c.C.[Tomcat].[localhost].[/] - Initializing Spring embedded WebApplicationContext
2025-08-05 20:24:21 [main] INFO  o.s.b.w.s.c.ServletWebServerApplicationContext - Root WebApplicationContext: initialization completed in 991 ms
2025-08-05 20:24:21 [main] INFO  com.zaxxer.hikari.HikariDataSource - HikariPool-1 - Starting...
2025-08-05 20:24:21 [main] INFO  com.zaxxer.hikari.pool.HikariPool - HikariPool-1 - Added connection conn0: url=jdbc:h2:mem:ecommerce user=DUVANGB
2025-08-05 20:24:21 [main] INFO  com.zaxxer.hikari.HikariDataSource - HikariPool-1 - Start completed.
2025-08-05 20:24:21 [main] INFO  o.s.b.a.h.H2ConsoleAutoConfiguration - H2 console available at '/h2-console'. Database available at 'jdbc:h2:mem:ecommerce'
2025-08-05 20:24:21 [main] INFO  o.h.jpa.internal.util.LogHelper - HHH000204: Processing PersistenceUnitInfo [name: default]
2025-08-05 20:24:21 [main] INFO  org.hibernate.Version - HHH000412: Hibernate ORM core version 6.3.1.Final
2025-08-05 20:24:21 [main] INFO  o.h.c.i.RegionFactoryInitiator - HHH000026: Second-level cache disabled
2025-08-05 20:24:21 [main] INFO  o.s.o.j.p.SpringPersistenceUnitInfo - No LoadTimeWeaver setup: ignoring JPA class transformer
2025-08-05 20:24:21 [main] WARN  org.hibernate.orm.deprecation - HHH90000025: H2Dialect does not need to be specified explicitly using 'hibernate.dialect' (remove the property setting and it will be selected by default)
2025-08-05 20:24:22 [main] INFO  o.h.e.t.j.p.i.JtaPlatformInitiator - HHH000489: No JTA platform available (set 'hibernate.transaction.jta.platform' to enable JTA platform integration)
2025-08-05 20:24:22 [main] DEBUG org.hibernate.SQL - drop table if exists products cascade 
2025-08-05 20:24:22 [main] DEBUG org.hibernate.SQL - drop table if exists roles cascade 
2025-08-05 20:24:22 [main] DEBUG org.hibernate.SQL - drop table if exists user_roles cascade 
2025-08-05 20:24:22 [main] DEBUG org.hibernate.SQL - drop table if exists users cascade 
2025-08-05 20:24:22 [main] DEBUG org.hibernate.SQL - create table products (active boolean not null, price numeric(10,2) not null, stock_quantity integer not null, created_at timestamp(6), id bigint generated by default as identity, updated_at timestamp(6), name varchar(100) not null, description varchar(500), primary key (id))
2025-08-05 20:24:22 [main] DEBUG org.hibernate.SQL - create table roles (id bigint generated by default as identity, name varchar(20) check (name in ('ROLE_USER','ROLE_ADMIN')), primary key (id))
2025-08-05 20:24:22 [main] DEBUG org.hibernate.SQL - create table user_roles (role_id bigint not null, user_id bigint not null, primary key (role_id, user_id))
2025-08-05 20:24:22 [main] DEBUG org.hibernate.SQL - create table users (is_frequent_customer boolean not null, id bigint generated by default as identity, email varchar(255) not null unique, name varchar(255) not null, password varchar(255) not null, username varchar(255) not null unique, primary key (id), unique (email, username))
2025-08-05 20:24:22 [main] DEBUG org.hibernate.SQL - alter table if exists user_roles add constraint FKh8ciramu9cc9q3qcqiv4ue8a6 foreign key (role_id) references roles
2025-08-05 20:24:22 [main] DEBUG org.hibernate.SQL - alter table if exists user_roles add constraint FKhfh9dx7w3ubf1co1vdev94g3f foreign key (user_id) references users
2025-08-05 20:24:22 [main] INFO  o.s.o.j.LocalContainerEntityManagerFactoryBean - Initialized JPA EntityManagerFactory for persistence unit 'default'
2025-08-05 20:24:22 [main] INFO  o.s.d.j.r.query.QueryEnhancerFactory - Hibernate is in classpath; If applicable, HQL parser will be used.
2025-08-05 20:24:22 [main] WARN  o.s.b.a.o.j.JpaBaseConfiguration$JpaWebConfiguration - spring.jpa.open-in-view is enabled by default. Therefore, database queries may be performed during view rendering. Explicitly configure spring.jpa.open-in-view to disable this warning
2025-08-05 20:24:22 [main] INFO  o.s.s.web.DefaultSecurityFilterChain - Will secure any request with [org.springframework.security.web.session.DisableEncodeUrlFilter@2a32be8d, org.springframework.security.web.context.request.async.WebAsyncManagerIntegrationFilter@7942987, org.springframework.security.web.context.SecurityContextHolderFilter@2d481de0, org.springframework.security.web.header.HeaderWriterFilter@3ee39a1c, org.springframework.web.filter.CorsFilter@5941a2ad, org.springframework.security.web.csrf.CsrfFilter@14021c10, org.springframework.security.web.authentication.logout.LogoutFilter@33f2ac11, org.springframework.security.web.savedrequest.RequestCacheAwareFilter@698c19ef, org.springframework.security.web.servletapi.SecurityContextHolderAwareRequestFilter@713935c8, org.springframework.security.web.authentication.AnonymousAuthenticationFilter@5bf1e07, org.springframework.security.web.access.ExceptionTranslationFilter@2b960c2b, org.springframework.security.web.access.intercept.AuthorizationFilter@48531d5]
2025-08-05 20:24:23 [main] WARN  o.s.b.w.s.c.AnnotationConfigServletWebServerApplicationContext - Exception encountered during context initialization - cancelling refresh attempt: org.springframework.beans.factory.BeanCreationException: Error creating bean with name 'dataSourceScriptDatabaseInitializer' defined in class path resource [org/springframework/boot/autoconfigure/sql/init/DataSourceInitializationConfiguration.class]: No data scripts found at location 'classpath:import.sql'
2025-08-05 20:24:23 [main] INFO  o.s.o.j.LocalContainerEntityManagerFactoryBean - Closing JPA EntityManagerFactory for persistence unit 'default'
2025-08-05 20:24:23 [main] DEBUG org.hibernate.SQL - drop table if exists products cascade 
2025-08-05 20:24:23 [main] DEBUG org.hibernate.SQL - drop table if exists roles cascade 
2025-08-05 20:24:23 [main] DEBUG org.hibernate.SQL - drop table if exists user_roles cascade 
2025-08-05 20:24:23 [main] DEBUG org.hibernate.SQL - drop table if exists users cascade 
2025-08-05 20:24:23 [main] INFO  com.zaxxer.hikari.HikariDataSource - HikariPool-1 - Shutdown initiated...
2025-08-05 20:24:23 [main] INFO  com.zaxxer.hikari.HikariDataSource - HikariPool-1 - Shutdown completed.
2025-08-05 20:24:23 [main] INFO  o.a.catalina.core.StandardService - Stopping service [Tomcat]
2025-08-05 20:24:23 [main] INFO  o.s.b.a.l.ConditionEvaluationReportLogger - 

Error starting ApplicationContext. To display the condition evaluation report re-run your application with 'debug' enabled.
2025-08-05 20:24:23 [main] ERROR o.s.boot.SpringApplication - Application run failed
org.springframework.beans.factory.BeanCreationException: Error creating bean with name 'dataSourceScriptDatabaseInitializer' defined in class path resource [org/springframework/boot/autoconfigure/sql/init/DataSourceInitializationConfiguration.class]: No data scripts found at location 'classpath:import.sql'
	at org.springframework.beans.factory.support.AbstractAutowireCapableBeanFactory.initializeBean(AbstractAutowireCapableBeanFactory.java:1775)
	at org.springframework.beans.factory.support.AbstractAutowireCapableBeanFactory.doCreateBean(AbstractAutowireCapableBeanFactory.java:601)
	at org.springframework.beans.factory.support.AbstractAutowireCapableBeanFactory.createBean(AbstractAutowireCapableBeanFactory.java:523)
	at org.springframework.beans.factory.support.AbstractBeanFactory.lambda$doGetBean$0(AbstractBeanFactory.java:325)
	at org.springframework.beans.factory.support.DefaultSingletonBeanRegistry.getSingleton(DefaultSingletonBeanRegistry.java:234)
	at org.springframework.beans.factory.support.AbstractBeanFactory.doGetBean(AbstractBeanFactory.java:323)
	at org.springframework.beans.factory.support.AbstractBeanFactory.getBean(AbstractBeanFactory.java:199)
	at org.springframework.beans.factory.support.AbstractBeanFactory.doGetBean(AbstractBeanFactory.java:312)
	at org.springframework.beans.factory.support.AbstractBeanFactory.getBean(AbstractBeanFactory.java:199)
	at org.springframework.beans.factory.support.DefaultListableBeanFactory.preInstantiateSingletons(DefaultListableBeanFactory.java:973)
	at org.springframework.context.support.AbstractApplicationContext.finishBeanFactoryInitialization(AbstractApplicationContext.java:946)
	at org.springframework.context.support.AbstractApplicationContext.refresh(AbstractApplicationContext.java:616)
	at org.springframework.boot.web.servlet.context.ServletWebServerApplicationContext.refresh(ServletWebServerApplicationContext.java:146)
	at org.springframework.boot.SpringApplication.refresh(SpringApplication.java:753)
	at org.springframework.boot.SpringApplication.refreshContext(SpringApplication.java:455)
	at org.springframework.boot.SpringApplication.run(SpringApplication.java:323)
	at org.springframework.boot.SpringApplication.run(SpringApplication.java:1342)
	at org.springframework.boot.SpringApplication.run(SpringApplication.java:1331)
	at com.ecommerce.backend.EcommerceApplication.main(EcommerceApplication.java:10)
Caused by: java.lang.IllegalStateException: No data scripts found at location 'classpath:import.sql'
	at org.springframework.boot.sql.init.AbstractScriptDatabaseInitializer.getScripts(AbstractScriptDatabaseInitializer.java:129)
	at org.springframework.boot.sql.init.AbstractScriptDatabaseInitializer.applyScripts(AbstractScriptDatabaseInitializer.java:106)
	at org.springframework.boot.sql.init.AbstractScriptDatabaseInitializer.applyDataScripts(AbstractScriptDatabaseInitializer.java:102)
	at org.springframework.boot.sql.init.AbstractScriptDatabaseInitializer.initializeDatabase(AbstractScriptDatabaseInitializer.java:77)
	at org.springframework.boot.sql.init.AbstractScriptDatabaseInitializer.afterPropertiesSet(AbstractScriptDatabaseInitializer.java:66)
	at org.springframework.beans.factory.support.AbstractAutowireCapableBeanFactory.invokeInitMethods(AbstractAutowireCapableBeanFactory.java:1822)
	at org.springframework.beans.factory.support.AbstractAutowireCapableBeanFactory.initializeBean(AbstractAutowireCapableBeanFactory.java:1771)
	... 18 common frames omitted
2025-08-05 20:27:54 [main] INFO  c.e.backend.EcommerceApplication - Starting EcommerceApplication using Java 17.0.12 with PID 10304 (C:\Users\Rentadvisor\OneDrive\Desktop\Prueba Tecnica\Prueba_Tecnica_2\backend\target\classes started by Rentadvisor in C:\Users\Rentadvisor\OneDrive\Desktop\Prueba Tecnica\Prueba_Tecnica_2\backend)
2025-08-05 20:27:54 [main] INFO  c.e.backend.EcommerceApplication - No active profile set, falling back to 1 default profile: "default"
2025-08-05 20:27:55 [main] INFO  o.s.d.r.c.RepositoryConfigurationDelegate - Bootstrapping Spring Data JPA repositories in DEFAULT mode.
2025-08-05 20:27:55 [main] INFO  o.s.d.r.c.RepositoryConfigurationDelegate - Finished Spring Data repository scanning in 43 ms. Found 3 JPA repository interfaces.
2025-08-05 20:27:55 [main] INFO  o.s.b.w.e.tomcat.TomcatWebServer - Tomcat initialized with port 8080 (http)
2025-08-05 20:27:55 [main] INFO  o.a.catalina.core.StandardService - Starting service [Tomcat]
2025-08-05 20:27:55 [main] INFO  o.a.catalina.core.StandardEngine - Starting Servlet engine: [Apache Tomcat/10.1.16]
2025-08-05 20:27:55 [main] INFO  o.a.c.c.C.[Tomcat].[localhost].[/] - Initializing Spring embedded WebApplicationContext
2025-08-05 20:27:55 [main] INFO  o.s.b.w.s.c.ServletWebServerApplicationContext - Root WebApplicationContext: initialization completed in 1023 ms
2025-08-05 20:27:55 [main] INFO  com.zaxxer.hikari.HikariDataSource - HikariPool-1 - Starting...
2025-08-05 20:27:55 [main] INFO  com.zaxxer.hikari.pool.HikariPool - HikariPool-1 - Added connection conn0: url=jdbc:h2:mem:ecommerce user=DUVANGB
2025-08-05 20:27:55 [main] INFO  com.zaxxer.hikari.HikariDataSource - HikariPool-1 - Start completed.
2025-08-05 20:27:55 [main] INFO  o.s.b.a.h.H2ConsoleAutoConfiguration - H2 console available at '/h2-console'. Database available at 'jdbc:h2:mem:ecommerce'
2025-08-05 20:27:55 [main] INFO  o.h.jpa.internal.util.LogHelper - HHH000204: Processing PersistenceUnitInfo [name: default]
2025-08-05 20:27:55 [main] INFO  org.hibernate.Version - HHH000412: Hibernate ORM core version 6.3.1.Final
2025-08-05 20:27:55 [main] INFO  o.h.c.i.RegionFactoryInitiator - HHH000026: Second-level cache disabled
2025-08-05 20:27:56 [main] INFO  o.s.o.j.p.SpringPersistenceUnitInfo - No LoadTimeWeaver setup: ignoring JPA class transformer
2025-08-05 20:27:56 [main] WARN  org.hibernate.orm.deprecation - HHH90000025: H2Dialect does not need to be specified explicitly using 'hibernate.dialect' (remove the property setting and it will be selected by default)
2025-08-05 20:27:56 [main] INFO  o.h.e.t.j.p.i.JtaPlatformInitiator - HHH000489: No JTA platform available (set 'hibernate.transaction.jta.platform' to enable JTA platform integration)
2025-08-05 20:27:56 [main] DEBUG org.hibernate.SQL - drop table if exists products cascade 
2025-08-05 20:27:56 [main] DEBUG org.hibernate.SQL - drop table if exists roles cascade 
2025-08-05 20:27:56 [main] DEBUG org.hibernate.SQL - drop table if exists user_roles cascade 
2025-08-05 20:27:56 [main] DEBUG org.hibernate.SQL - drop table if exists users cascade 
2025-08-05 20:27:56 [main] DEBUG org.hibernate.SQL - create table products (active boolean not null, price numeric(10,2) not null, stock_quantity integer not null, created_at timestamp(6), id bigint generated by default as identity, updated_at timestamp(6), name varchar(100) not null, description varchar(500), primary key (id))
2025-08-05 20:27:56 [main] DEBUG org.hibernate.SQL - create table roles (id bigint generated by default as identity, name varchar(20) check (name in ('ROLE_USER','ROLE_ADMIN')), primary key (id))
2025-08-05 20:27:56 [main] DEBUG org.hibernate.SQL - create table user_roles (role_id bigint not null, user_id bigint not null, primary key (role_id, user_id))
2025-08-05 20:27:56 [main] DEBUG org.hibernate.SQL - create table users (is_frequent_customer boolean not null, id bigint generated by default as identity, email varchar(255) not null unique, name varchar(255) not null, password varchar(255) not null, username varchar(255) not null unique, primary key (id), unique (email, username))
2025-08-05 20:27:56 [main] DEBUG org.hibernate.SQL - alter table if exists user_roles add constraint FKh8ciramu9cc9q3qcqiv4ue8a6 foreign key (role_id) references roles
2025-08-05 20:27:56 [main] DEBUG org.hibernate.SQL - alter table if exists user_roles add constraint FKhfh9dx7w3ubf1co1vdev94g3f foreign key (user_id) references users
2025-08-05 20:27:56 [main] INFO  o.s.o.j.LocalContainerEntityManagerFactoryBean - Initialized JPA EntityManagerFactory for persistence unit 'default'
2025-08-05 20:27:57 [main] INFO  o.s.d.j.r.query.QueryEnhancerFactory - Hibernate is in classpath; If applicable, HQL parser will be used.
2025-08-05 20:27:57 [main] WARN  o.s.b.a.o.j.JpaBaseConfiguration$JpaWebConfiguration - spring.jpa.open-in-view is enabled by default. Therefore, database queries may be performed during view rendering. Explicitly configure spring.jpa.open-in-view to disable this warning
2025-08-05 20:27:57 [main] INFO  o.s.s.web.DefaultSecurityFilterChain - Will secure any request with [org.springframework.security.web.session.DisableEncodeUrlFilter@48531d5, org.springframework.security.web.context.request.async.WebAsyncManagerIntegrationFilter@340d50c8, org.springframework.security.web.context.SecurityContextHolderFilter@3ee39a1c, org.springframework.security.web.header.HeaderWriterFilter@460222eb, org.springframework.web.filter.CorsFilter@9cabd07, org.springframework.security.web.csrf.CsrfFilter@b0c4670, org.springframework.security.web.authentication.logout.LogoutFilter@52c4bf29, org.springframework.security.web.savedrequest.RequestCacheAwareFilter@724d4c0a, org.springframework.security.web.servletapi.SecurityContextHolderAwareRequestFilter@2d481de0, org.springframework.security.web.authentication.AnonymousAuthenticationFilter@2a32be8d, org.springframework.security.web.access.ExceptionTranslationFilter@3eea7c4b, org.springframework.security.web.access.intercept.AuthorizationFilter@37669c4]
2025-08-05 20:27:57 [main] INFO  o.s.b.w.e.tomcat.TomcatWebServer - Tomcat started on port 8080 (http) with context path ''
2025-08-05 20:27:57 [main] INFO  c.e.backend.EcommerceApplication - Started EcommerceApplication in 3.549 seconds (process running for 3.81)
2025-08-05 20:28:21 [SpringApplicationShutdownHook] INFO  o.s.o.j.LocalContainerEntityManagerFactoryBean - Closing JPA EntityManagerFactory for persistence unit 'default'
2025-08-05 20:28:21 [SpringApplicationShutdownHook] DEBUG org.hibernate.SQL - drop table if exists products cascade 
2025-08-05 20:28:21 [SpringApplicationShutdownHook] DEBUG org.hibernate.SQL - drop table if exists roles cascade 
2025-08-05 20:28:21 [SpringApplicationShutdownHook] DEBUG org.hibernate.SQL - drop table if exists user_roles cascade 
2025-08-05 20:28:21 [SpringApplicationShutdownHook] DEBUG org.hibernate.SQL - drop table if exists users cascade 
2025-08-05 20:28:21 [SpringApplicationShutdownHook] INFO  com.zaxxer.hikari.HikariDataSource - HikariPool-1 - Shutdown initiated...
2025-08-05 20:28:21 [SpringApplicationShutdownHook] INFO  com.zaxxer.hikari.HikariDataSource - HikariPool-1 - Shutdown completed.
2025-08-05 20:28:37 [main] INFO  c.e.backend.EcommerceApplication - Starting EcommerceApplication using Java 17.0.12 with PID 38444 (C:\Users\Rentadvisor\OneDrive\Desktop\Prueba Tecnica\Prueba_Tecnica_2\backend\target\classes started by Rentadvisor in C:\Users\Rentadvisor\OneDrive\Desktop\Prueba Tecnica\Prueba_Tecnica_2\backend)
2025-08-05 20:28:37 [main] INFO  c.e.backend.EcommerceApplication - No active profile set, falling back to 1 default profile: "default"
2025-08-05 20:28:38 [main] INFO  o.s.d.r.c.RepositoryConfigurationDelegate - Bootstrapping Spring Data JPA repositories in DEFAULT mode.
2025-08-05 20:28:38 [main] INFO  o.s.d.r.c.RepositoryConfigurationDelegate - Finished Spring Data repository scanning in 40 ms. Found 3 JPA repository interfaces.
2025-08-05 20:28:38 [main] INFO  o.s.b.w.e.tomcat.TomcatWebServer - Tomcat initialized with port 8080 (http)
2025-08-05 20:28:38 [main] INFO  o.a.catalina.core.StandardService - Starting service [Tomcat]
2025-08-05 20:28:38 [main] INFO  o.a.catalina.core.StandardEngine - Starting Servlet engine: [Apache Tomcat/10.1.16]
2025-08-05 20:28:38 [main] INFO  o.a.c.c.C.[Tomcat].[localhost].[/] - Initializing Spring embedded WebApplicationContext
2025-08-05 20:28:38 [main] INFO  o.s.b.w.s.c.ServletWebServerApplicationContext - Root WebApplicationContext: initialization completed in 1013 ms
2025-08-05 20:28:38 [main] INFO  com.zaxxer.hikari.HikariDataSource - HikariPool-1 - Starting...
2025-08-05 20:28:38 [main] INFO  com.zaxxer.hikari.pool.HikariPool - HikariPool-1 - Added connection conn0: url=jdbc:h2:mem:ecommerce user=DUVANGB
2025-08-05 20:28:38 [main] INFO  com.zaxxer.hikari.HikariDataSource - HikariPool-1 - Start completed.
2025-08-05 20:28:38 [main] INFO  o.s.b.a.h.H2ConsoleAutoConfiguration - H2 console available at '/h2-console'. Database available at 'jdbc:h2:mem:ecommerce'
2025-08-05 20:28:38 [main] INFO  o.h.jpa.internal.util.LogHelper - HHH000204: Processing PersistenceUnitInfo [name: default]
2025-08-05 20:28:38 [main] INFO  org.hibernate.Version - HHH000412: Hibernate ORM core version 6.3.1.Final
2025-08-05 20:28:38 [main] INFO  o.h.c.i.RegionFactoryInitiator - HHH000026: Second-level cache disabled
2025-08-05 20:28:39 [main] INFO  o.s.o.j.p.SpringPersistenceUnitInfo - No LoadTimeWeaver setup: ignoring JPA class transformer
2025-08-05 20:28:39 [main] WARN  org.hibernate.orm.deprecation - HHH90000025: H2Dialect does not need to be specified explicitly using 'hibernate.dialect' (remove the property setting and it will be selected by default)
2025-08-05 20:28:39 [main] INFO  o.h.e.t.j.p.i.JtaPlatformInitiator - HHH000489: No JTA platform available (set 'hibernate.transaction.jta.platform' to enable JTA platform integration)
2025-08-05 20:28:39 [main] DEBUG org.hibernate.SQL - drop table if exists products cascade 
2025-08-05 20:28:39 [main] DEBUG org.hibernate.SQL - drop table if exists roles cascade 
2025-08-05 20:28:39 [main] DEBUG org.hibernate.SQL - drop table if exists user_roles cascade 
2025-08-05 20:28:39 [main] DEBUG org.hibernate.SQL - drop table if exists users cascade 
2025-08-05 20:28:39 [main] DEBUG org.hibernate.SQL - create table products (active boolean not null, price numeric(10,2) not null, stock_quantity integer not null, created_at timestamp(6), id bigint generated by default as identity, updated_at timestamp(6), name varchar(100) not null, description varchar(500), primary key (id))
2025-08-05 20:28:39 [main] DEBUG org.hibernate.SQL - create table roles (id bigint generated by default as identity, name varchar(20) check (name in ('ROLE_USER','ROLE_ADMIN')), primary key (id))
2025-08-05 20:28:39 [main] DEBUG org.hibernate.SQL - create table user_roles (role_id bigint not null, user_id bigint not null, primary key (role_id, user_id))
2025-08-05 20:28:39 [main] DEBUG org.hibernate.SQL - create table users (is_frequent_customer boolean not null, id bigint generated by default as identity, email varchar(255) not null unique, name varchar(255) not null, password varchar(255) not null, username varchar(255) not null unique, primary key (id), unique (email, username))
2025-08-05 20:28:39 [main] DEBUG org.hibernate.SQL - alter table if exists user_roles add constraint FKh8ciramu9cc9q3qcqiv4ue8a6 foreign key (role_id) references roles
2025-08-05 20:28:39 [main] DEBUG org.hibernate.SQL - alter table if exists user_roles add constraint FKhfh9dx7w3ubf1co1vdev94g3f foreign key (user_id) references users
2025-08-05 20:28:39 [main] INFO  o.s.o.j.LocalContainerEntityManagerFactoryBean - Initialized JPA EntityManagerFactory for persistence unit 'default'
2025-08-05 20:28:39 [main] INFO  o.s.d.j.r.query.QueryEnhancerFactory - Hibernate is in classpath; If applicable, HQL parser will be used.
2025-08-05 20:28:40 [main] WARN  o.s.b.a.o.j.JpaBaseConfiguration$JpaWebConfiguration - spring.jpa.open-in-view is enabled by default. Therefore, database queries may be performed during view rendering. Explicitly configure spring.jpa.open-in-view to disable this warning
2025-08-05 20:28:40 [main] INFO  o.s.s.web.DefaultSecurityFilterChain - Will secure any request with [org.springframework.security.web.session.DisableEncodeUrlFilter@9cabd07, org.springframework.security.web.context.request.async.WebAsyncManagerIntegrationFilter@2a32be8d, org.springframework.security.web.context.SecurityContextHolderFilter@724d4c0a, org.springframework.security.web.header.HeaderWriterFilter@46f32536, org.springframework.web.filter.CorsFilter@7942987, org.springframework.security.web.csrf.CsrfFilter@30769e7a, org.springframework.security.web.authentication.logout.LogoutFilter@765611c9, org.springframework.security.web.savedrequest.RequestCacheAwareFilter@fd9512f, org.springframework.security.web.servletapi.SecurityContextHolderAwareRequestFilter@698c19ef, org.springframework.security.web.authentication.AnonymousAuthenticationFilter@5941a2ad, org.springframework.security.web.access.ExceptionTranslationFilter@460222eb, org.springframework.security.web.access.intercept.AuthorizationFilter@79499fa]
2025-08-05 20:28:40 [main] WARN  o.s.b.w.s.c.AnnotationConfigServletWebServerApplicationContext - Exception encountered during context initialization - cancelling refresh attempt: org.springframework.beans.factory.BeanCreationException: Error creating bean with name 'dataSourceScriptDatabaseInitializer' defined in class path resource [org/springframework/boot/autoconfigure/sql/init/DataSourceInitializationConfiguration.class]: No data scripts found at location 'classpath:import.sql'
2025-08-05 20:28:40 [main] INFO  o.s.o.j.LocalContainerEntityManagerFactoryBean - Closing JPA EntityManagerFactory for persistence unit 'default'
2025-08-05 20:28:40 [main] DEBUG org.hibernate.SQL - drop table if exists products cascade 
2025-08-05 20:28:40 [main] DEBUG org.hibernate.SQL - drop table if exists roles cascade 
2025-08-05 20:28:40 [main] DEBUG org.hibernate.SQL - drop table if exists user_roles cascade 
2025-08-05 20:28:40 [main] DEBUG org.hibernate.SQL - drop table if exists users cascade 
2025-08-05 20:28:40 [main] INFO  com.zaxxer.hikari.HikariDataSource - HikariPool-1 - Shutdown initiated...
2025-08-05 20:28:40 [main] INFO  com.zaxxer.hikari.HikariDataSource - HikariPool-1 - Shutdown completed.
2025-08-05 20:28:40 [main] INFO  o.a.catalina.core.StandardService - Stopping service [Tomcat]
2025-08-05 20:28:40 [main] INFO  o.s.b.a.l.ConditionEvaluationReportLogger - 

Error starting ApplicationContext. To display the condition evaluation report re-run your application with 'debug' enabled.
2025-08-05 20:28:40 [main] ERROR o.s.boot.SpringApplication - Application run failed
org.springframework.beans.factory.BeanCreationException: Error creating bean with name 'dataSourceScriptDatabaseInitializer' defined in class path resource [org/springframework/boot/autoconfigure/sql/init/DataSourceInitializationConfiguration.class]: No data scripts found at location 'classpath:import.sql'
	at org.springframework.beans.factory.support.AbstractAutowireCapableBeanFactory.initializeBean(AbstractAutowireCapableBeanFactory.java:1775)
	at org.springframework.beans.factory.support.AbstractAutowireCapableBeanFactory.doCreateBean(AbstractAutowireCapableBeanFactory.java:601)
	at org.springframework.beans.factory.support.AbstractAutowireCapableBeanFactory.createBean(AbstractAutowireCapableBeanFactory.java:523)
	at org.springframework.beans.factory.support.AbstractBeanFactory.lambda$doGetBean$0(AbstractBeanFactory.java:325)
	at org.springframework.beans.factory.support.DefaultSingletonBeanRegistry.getSingleton(DefaultSingletonBeanRegistry.java:234)
	at org.springframework.beans.factory.support.AbstractBeanFactory.doGetBean(AbstractBeanFactory.java:323)
	at org.springframework.beans.factory.support.AbstractBeanFactory.getBean(AbstractBeanFactory.java:199)
	at org.springframework.beans.factory.support.AbstractBeanFactory.doGetBean(AbstractBeanFactory.java:312)
	at org.springframework.beans.factory.support.AbstractBeanFactory.getBean(AbstractBeanFactory.java:199)
	at org.springframework.beans.factory.support.DefaultListableBeanFactory.preInstantiateSingletons(DefaultListableBeanFactory.java:973)
	at org.springframework.context.support.AbstractApplicationContext.finishBeanFactoryInitialization(AbstractApplicationContext.java:946)
	at org.springframework.context.support.AbstractApplicationContext.refresh(AbstractApplicationContext.java:616)
	at org.springframework.boot.web.servlet.context.ServletWebServerApplicationContext.refresh(ServletWebServerApplicationContext.java:146)
	at org.springframework.boot.SpringApplication.refresh(SpringApplication.java:753)
	at org.springframework.boot.SpringApplication.refreshContext(SpringApplication.java:455)
	at org.springframework.boot.SpringApplication.run(SpringApplication.java:323)
	at org.springframework.boot.SpringApplication.run(SpringApplication.java:1342)
	at org.springframework.boot.SpringApplication.run(SpringApplication.java:1331)
	at com.ecommerce.backend.EcommerceApplication.main(EcommerceApplication.java:10)
Caused by: java.lang.IllegalStateException: No data scripts found at location 'classpath:import.sql'
	at org.springframework.boot.sql.init.AbstractScriptDatabaseInitializer.getScripts(AbstractScriptDatabaseInitializer.java:129)
	at org.springframework.boot.sql.init.AbstractScriptDatabaseInitializer.applyScripts(AbstractScriptDatabaseInitializer.java:106)
	at org.springframework.boot.sql.init.AbstractScriptDatabaseInitializer.applyDataScripts(AbstractScriptDatabaseInitializer.java:102)
	at org.springframework.boot.sql.init.AbstractScriptDatabaseInitializer.initializeDatabase(AbstractScriptDatabaseInitializer.java:77)
	at org.springframework.boot.sql.init.AbstractScriptDatabaseInitializer.afterPropertiesSet(AbstractScriptDatabaseInitializer.java:66)
	at org.springframework.beans.factory.support.AbstractAutowireCapableBeanFactory.invokeInitMethods(AbstractAutowireCapableBeanFactory.java:1822)
	at org.springframework.beans.factory.support.AbstractAutowireCapableBeanFactory.initializeBean(AbstractAutowireCapableBeanFactory.java:1771)
	... 18 common frames omitted
2025-08-05 20:32:39 [main] INFO  c.e.backend.EcommerceApplication - Starting EcommerceApplication using Java 17.0.12 with PID 27040 (C:\Users\Rentadvisor\OneDrive\Desktop\Prueba Tecnica\Prueba_Tecnica_2\backend\target\classes started by Rentadvisor in C:\Users\Rentadvisor\OneDrive\Desktop\Prueba Tecnica\Prueba_Tecnica_2\backend)
2025-08-05 20:32:39 [main] INFO  c.e.backend.EcommerceApplication - No active profile set, falling back to 1 default profile: "default"
2025-08-05 20:32:39 [main] INFO  o.s.d.r.c.RepositoryConfigurationDelegate - Bootstrapping Spring Data JPA repositories in DEFAULT mode.
2025-08-05 20:32:39 [main] INFO  o.s.d.r.c.RepositoryConfigurationDelegate - Finished Spring Data repository scanning in 41 ms. Found 3 JPA repository interfaces.
2025-08-05 20:32:40 [main] INFO  o.s.b.w.e.tomcat.TomcatWebServer - Tomcat initialized with port 8080 (http)
2025-08-05 20:32:40 [main] INFO  o.a.catalina.core.StandardService - Starting service [Tomcat]
2025-08-05 20:32:40 [main] INFO  o.a.catalina.core.StandardEngine - Starting Servlet engine: [Apache Tomcat/10.1.16]
2025-08-05 20:32:40 [main] INFO  o.a.c.c.C.[Tomcat].[localhost].[/] - Initializing Spring embedded WebApplicationContext
2025-08-05 20:32:40 [main] INFO  o.s.b.w.s.c.ServletWebServerApplicationContext - Root WebApplicationContext: initialization completed in 1007 ms
2025-08-05 20:32:40 [main] INFO  com.zaxxer.hikari.HikariDataSource - HikariPool-1 - Starting...
2025-08-05 20:32:40 [main] INFO  com.zaxxer.hikari.pool.HikariPool - HikariPool-1 - Added connection conn0: url=jdbc:h2:mem:ecommerce user=DUVANGB
2025-08-05 20:32:40 [main] INFO  com.zaxxer.hikari.HikariDataSource - HikariPool-1 - Start completed.
2025-08-05 20:32:40 [main] INFO  o.s.b.a.h.H2ConsoleAutoConfiguration - H2 console available at '/h2-console'. Database available at 'jdbc:h2:mem:ecommerce'
2025-08-05 20:32:40 [main] INFO  o.h.jpa.internal.util.LogHelper - HHH000204: Processing PersistenceUnitInfo [name: default]
2025-08-05 20:32:40 [main] INFO  org.hibernate.Version - HHH000412: Hibernate ORM core version 6.3.1.Final
2025-08-05 20:32:40 [main] INFO  o.h.c.i.RegionFactoryInitiator - HHH000026: Second-level cache disabled
2025-08-05 20:32:40 [main] INFO  o.s.o.j.p.SpringPersistenceUnitInfo - No LoadTimeWeaver setup: ignoring JPA class transformer
2025-08-05 20:32:40 [main] WARN  org.hibernate.orm.deprecation - HHH90000025: H2Dialect does not need to be specified explicitly using 'hibernate.dialect' (remove the property setting and it will be selected by default)
2025-08-05 20:32:41 [main] INFO  o.h.e.t.j.p.i.JtaPlatformInitiator - HHH000489: No JTA platform available (set 'hibernate.transaction.jta.platform' to enable JTA platform integration)
2025-08-05 20:32:41 [main] DEBUG org.hibernate.SQL - drop table if exists products cascade 
2025-08-05 20:32:41 [main] DEBUG org.hibernate.SQL - drop table if exists roles cascade 
2025-08-05 20:32:41 [main] DEBUG org.hibernate.SQL - drop table if exists user_roles cascade 
2025-08-05 20:32:41 [main] DEBUG org.hibernate.SQL - drop table if exists users cascade 
2025-08-05 20:32:41 [main] DEBUG org.hibernate.SQL - create table products (active boolean not null, price numeric(10,2) not null, stock_quantity integer not null, created_at timestamp(6), id bigint generated by default as identity, updated_at timestamp(6), name varchar(100) not null, description varchar(500), primary key (id))
2025-08-05 20:32:41 [main] DEBUG org.hibernate.SQL - create table roles (id bigint generated by default as identity, name varchar(20) check (name in ('ROLE_USER','ROLE_ADMIN')), primary key (id))
2025-08-05 20:32:41 [main] DEBUG org.hibernate.SQL - create table user_roles (role_id bigint not null, user_id bigint not null, primary key (role_id, user_id))
2025-08-05 20:32:41 [main] DEBUG org.hibernate.SQL - create table users (is_frequent_customer boolean not null, id bigint generated by default as identity, email varchar(255) not null unique, name varchar(255) not null, password varchar(255) not null, username varchar(255) not null unique, primary key (id), unique (email, username))
2025-08-05 20:32:41 [main] DEBUG org.hibernate.SQL - alter table if exists user_roles add constraint FKh8ciramu9cc9q3qcqiv4ue8a6 foreign key (role_id) references roles
2025-08-05 20:32:41 [main] DEBUG org.hibernate.SQL - alter table if exists user_roles add constraint FKhfh9dx7w3ubf1co1vdev94g3f foreign key (user_id) references users
2025-08-05 20:32:41 [main] INFO  o.s.o.j.LocalContainerEntityManagerFactoryBean - Initialized JPA EntityManagerFactory for persistence unit 'default'
2025-08-05 20:32:41 [main] INFO  o.s.d.j.r.query.QueryEnhancerFactory - Hibernate is in classpath; If applicable, HQL parser will be used.
2025-08-05 20:32:41 [main] WARN  o.s.b.a.o.j.JpaBaseConfiguration$JpaWebConfiguration - spring.jpa.open-in-view is enabled by default. Therefore, database queries may be performed during view rendering. Explicitly configure spring.jpa.open-in-view to disable this warning
2025-08-05 20:32:42 [main] INFO  o.s.s.web.DefaultSecurityFilterChain - Will secure any request with [org.springframework.security.web.session.DisableEncodeUrlFilter@9cabd07, org.springframework.security.web.context.request.async.WebAsyncManagerIntegrationFilter@2a32be8d, org.springframework.security.web.context.SecurityContextHolderFilter@724d4c0a, org.springframework.security.web.header.HeaderWriterFilter@46f32536, org.springframework.web.filter.CorsFilter@7942987, org.springframework.security.web.csrf.CsrfFilter@30769e7a, org.springframework.security.web.authentication.logout.LogoutFilter@765611c9, org.springframework.security.web.savedrequest.RequestCacheAwareFilter@fd9512f, org.springframework.security.web.servletapi.SecurityContextHolderAwareRequestFilter@698c19ef, org.springframework.security.web.authentication.AnonymousAuthenticationFilter@5941a2ad, org.springframework.security.web.access.ExceptionTranslationFilter@460222eb, org.springframework.security.web.access.intercept.AuthorizationFilter@79499fa]
2025-08-05 20:32:42 [main] INFO  o.s.b.w.e.tomcat.TomcatWebServer - Tomcat started on port 8080 (http) with context path ''
2025-08-05 20:32:42 [main] INFO  c.e.backend.EcommerceApplication - Started EcommerceApplication in 3.381 seconds (process running for 3.625)
2025-08-05 20:32:56 [SpringApplicationShutdownHook] INFO  o.s.o.j.LocalContainerEntityManagerFactoryBean - Closing JPA EntityManagerFactory for persistence unit 'default'
2025-08-05 20:32:56 [SpringApplicationShutdownHook] DEBUG org.hibernate.SQL - drop table if exists products cascade 
2025-08-05 20:32:56 [SpringApplicationShutdownHook] DEBUG org.hibernate.SQL - drop table if exists roles cascade 
2025-08-05 20:32:56 [SpringApplicationShutdownHook] DEBUG org.hibernate.SQL - drop table if exists user_roles cascade 
2025-08-05 20:32:56 [SpringApplicationShutdownHook] DEBUG org.hibernate.SQL - drop table if exists users cascade 
2025-08-05 20:32:56 [SpringApplicationShutdownHook] INFO  com.zaxxer.hikari.HikariDataSource - HikariPool-1 - Shutdown initiated...
2025-08-05 20:32:56 [SpringApplicationShutdownHook] INFO  com.zaxxer.hikari.HikariDataSource - HikariPool-1 - Shutdown completed.
2025-08-05 20:33:02 [main] INFO  c.e.backend.EcommerceApplication - Starting EcommerceApplication using Java 17.0.12 with PID 9808 (C:\Users\Rentadvisor\OneDrive\Desktop\Prueba Tecnica\Prueba_Tecnica_2\backend\target\classes started by Rentadvisor in C:\Users\Rentadvisor\OneDrive\Desktop\Prueba Tecnica\Prueba_Tecnica_2\backend)
2025-08-05 20:33:02 [main] INFO  c.e.backend.EcommerceApplication - No active profile set, falling back to 1 default profile: "default"
2025-08-05 20:33:03 [main] INFO  o.s.d.r.c.RepositoryConfigurationDelegate - Bootstrapping Spring Data JPA repositories in DEFAULT mode.
2025-08-05 20:33:03 [main] INFO  o.s.d.r.c.RepositoryConfigurationDelegate - Finished Spring Data repository scanning in 45 ms. Found 3 JPA repository interfaces.
2025-08-05 20:33:03 [main] INFO  o.s.b.w.e.tomcat.TomcatWebServer - Tomcat initialized with port 8080 (http)
2025-08-05 20:33:03 [main] INFO  o.a.catalina.core.StandardService - Starting service [Tomcat]
2025-08-05 20:33:03 [main] INFO  o.a.catalina.core.StandardEngine - Starting Servlet engine: [Apache Tomcat/10.1.16]
2025-08-05 20:33:03 [main] INFO  o.a.c.c.C.[Tomcat].[localhost].[/] - Initializing Spring embedded WebApplicationContext
2025-08-05 20:33:03 [main] INFO  o.s.b.w.s.c.ServletWebServerApplicationContext - Root WebApplicationContext: initialization completed in 1076 ms
2025-08-05 20:33:03 [main] INFO  com.zaxxer.hikari.HikariDataSource - HikariPool-1 - Starting...
2025-08-05 20:33:04 [main] INFO  com.zaxxer.hikari.pool.HikariPool - HikariPool-1 - Added connection conn0: url=jdbc:h2:mem:ecommerce user=DUVANGB
2025-08-05 20:33:04 [main] INFO  com.zaxxer.hikari.HikariDataSource - HikariPool-1 - Start completed.
2025-08-05 20:33:04 [main] INFO  o.s.b.a.h.H2ConsoleAutoConfiguration - H2 console available at '/h2-console'. Database available at 'jdbc:h2:mem:ecommerce'
2025-08-05 20:33:04 [main] INFO  o.h.jpa.internal.util.LogHelper - HHH000204: Processing PersistenceUnitInfo [name: default]
2025-08-05 20:33:04 [main] INFO  org.hibernate.Version - HHH000412: Hibernate ORM core version 6.3.1.Final
2025-08-05 20:33:04 [main] INFO  o.h.c.i.RegionFactoryInitiator - HHH000026: Second-level cache disabled
2025-08-05 20:33:04 [main] INFO  o.s.o.j.p.SpringPersistenceUnitInfo - No LoadTimeWeaver setup: ignoring JPA class transformer
2025-08-05 20:33:04 [main] WARN  org.hibernate.orm.deprecation - HHH90000025: H2Dialect does not need to be specified explicitly using 'hibernate.dialect' (remove the property setting and it will be selected by default)
2025-08-05 20:33:04 [main] INFO  o.h.e.t.j.p.i.JtaPlatformInitiator - HHH000489: No JTA platform available (set 'hibernate.transaction.jta.platform' to enable JTA platform integration)
2025-08-05 20:33:04 [main] DEBUG org.hibernate.SQL - drop table if exists products cascade 
2025-08-05 20:33:04 [main] DEBUG org.hibernate.SQL - drop table if exists roles cascade 
2025-08-05 20:33:04 [main] DEBUG org.hibernate.SQL - drop table if exists user_roles cascade 
2025-08-05 20:33:04 [main] DEBUG org.hibernate.SQL - drop table if exists users cascade 
2025-08-05 20:33:04 [main] DEBUG org.hibernate.SQL - create table products (active boolean not null, price numeric(10,2) not null, stock_quantity integer not null, created_at timestamp(6), id bigint generated by default as identity, updated_at timestamp(6), name varchar(100) not null, description varchar(500), primary key (id))
2025-08-05 20:33:05 [main] DEBUG org.hibernate.SQL - create table roles (id bigint generated by default as identity, name varchar(20) check (name in ('ROLE_USER','ROLE_ADMIN')), primary key (id))
2025-08-05 20:33:05 [main] DEBUG org.hibernate.SQL - create table user_roles (role_id bigint not null, user_id bigint not null, primary key (role_id, user_id))
2025-08-05 20:33:05 [main] DEBUG org.hibernate.SQL - create table users (is_frequent_customer boolean not null, id bigint generated by default as identity, email varchar(255) not null unique, name varchar(255) not null, password varchar(255) not null, username varchar(255) not null unique, primary key (id), unique (email, username))
2025-08-05 20:33:05 [main] DEBUG org.hibernate.SQL - alter table if exists user_roles add constraint FKh8ciramu9cc9q3qcqiv4ue8a6 foreign key (role_id) references roles
2025-08-05 20:33:05 [main] DEBUG org.hibernate.SQL - alter table if exists user_roles add constraint FKhfh9dx7w3ubf1co1vdev94g3f foreign key (user_id) references users
2025-08-05 20:33:05 [main] INFO  o.s.o.j.LocalContainerEntityManagerFactoryBean - Initialized JPA EntityManagerFactory for persistence unit 'default'
2025-08-05 20:33:05 [main] INFO  o.s.d.j.r.query.QueryEnhancerFactory - Hibernate is in classpath; If applicable, HQL parser will be used.
2025-08-05 20:33:05 [main] WARN  o.s.b.a.o.j.JpaBaseConfiguration$JpaWebConfiguration - spring.jpa.open-in-view is enabled by default. Therefore, database queries may be performed during view rendering. Explicitly configure spring.jpa.open-in-view to disable this warning
2025-08-05 20:33:05 [main] INFO  o.s.s.web.DefaultSecurityFilterChain - Will secure any request with [org.springframework.security.web.session.DisableEncodeUrlFilter@9cabd07, org.springframework.security.web.context.request.async.WebAsyncManagerIntegrationFilter@2a32be8d, org.springframework.security.web.context.SecurityContextHolderFilter@724d4c0a, org.springframework.security.web.header.HeaderWriterFilter@46f32536, org.springframework.web.filter.CorsFilter@7942987, org.springframework.security.web.csrf.CsrfFilter@30769e7a, org.springframework.security.web.authentication.logout.LogoutFilter@765611c9, org.springframework.security.web.savedrequest.RequestCacheAwareFilter@fd9512f, org.springframework.security.web.servletapi.SecurityContextHolderAwareRequestFilter@698c19ef, org.springframework.security.web.authentication.AnonymousAuthenticationFilter@5941a2ad, org.springframework.security.web.access.ExceptionTranslationFilter@460222eb, org.springframework.security.web.access.intercept.AuthorizationFilter@79499fa]
2025-08-05 20:33:06 [main] INFO  o.s.b.w.e.tomcat.TomcatWebServer - Tomcat started on port 8080 (http) with context path ''
2025-08-05 20:33:06 [main] INFO  c.e.backend.EcommerceApplication - Started EcommerceApplication in 3.7 seconds (process running for 3.979)
2025-08-05 20:33:06 [http-nio-8080-exec-1] WARN  o.s.w.s.h.HandlerMappingIntrospector - Cache miss for REQUEST dispatch to '/h2-console/' (previous null). Performing CorsConfiguration lookup. This is logged once only at WARN level, and every time at TRACE.
2025-08-05 20:33:06 [http-nio-8080-exec-6] INFO  o.a.c.c.C.[Tomcat].[localhost].[/] - Initializing Spring DispatcherServlet 'dispatcherServlet'
2025-08-05 20:33:06 [http-nio-8080-exec-6] INFO  o.s.web.servlet.DispatcherServlet - Initializing Servlet 'dispatcherServlet'
2025-08-05 20:33:06 [http-nio-8080-exec-6] INFO  o.s.web.servlet.DispatcherServlet - Completed initialization in 1 ms
2025-08-05 20:33:06 [http-nio-8080-exec-6] WARN  o.s.w.s.h.HandlerMappingIntrospector - Cache miss for REQUEST dispatch to '/favicon.ico' (previous null). Performing MatchableHandlerMapping lookup. This is logged once only at WARN level, and every time at TRACE.
2025-08-05 20:36:04 [SpringApplicationShutdownHook] INFO  o.s.o.j.LocalContainerEntityManagerFactoryBean - Closing JPA EntityManagerFactory for persistence unit 'default'
2025-08-05 20:36:04 [SpringApplicationShutdownHook] DEBUG org.hibernate.SQL - drop table if exists products cascade 
2025-08-05 20:36:04 [SpringApplicationShutdownHook] DEBUG org.hibernate.SQL - drop table if exists roles cascade 
2025-08-05 20:36:04 [SpringApplicationShutdownHook] DEBUG org.hibernate.SQL - drop table if exists user_roles cascade 
2025-08-05 20:36:04 [SpringApplicationShutdownHook] DEBUG org.hibernate.SQL - drop table if exists users cascade 
2025-08-05 20:36:04 [SpringApplicationShutdownHook] INFO  com.zaxxer.hikari.HikariDataSource - HikariPool-1 - Shutdown initiated...
2025-08-05 20:36:04 [SpringApplicationShutdownHook] INFO  com.zaxxer.hikari.HikariDataSource - HikariPool-1 - Shutdown completed.
2025-08-05 20:36:29 [main] INFO  c.e.backend.EcommerceApplication - Starting EcommerceApplication using Java 17.0.12 with PID 15740 (C:\Users\Rentadvisor\OneDrive\Desktop\Prueba Tecnica\Prueba_Tecnica_2\backend\target\classes started by Rentadvisor in C:\Users\Rentadvisor\OneDrive\Desktop\Prueba Tecnica\Prueba_Tecnica_2\backend)
2025-08-05 20:36:29 [main] INFO  c.e.backend.EcommerceApplication - No active profile set, falling back to 1 default profile: "default"
2025-08-05 20:36:29 [main] INFO  o.s.d.r.c.RepositoryConfigurationDelegate - Bootstrapping Spring Data JPA repositories in DEFAULT mode.
2025-08-05 20:36:29 [main] INFO  o.s.d.r.c.RepositoryConfigurationDelegate - Finished Spring Data repository scanning in 40 ms. Found 3 JPA repository interfaces.
2025-08-05 20:36:30 [main] INFO  o.s.b.w.e.tomcat.TomcatWebServer - Tomcat initialized with port 8080 (http)
2025-08-05 20:36:30 [main] INFO  o.a.catalina.core.StandardService - Starting service [Tomcat]
2025-08-05 20:36:30 [main] INFO  o.a.catalina.core.StandardEngine - Starting Servlet engine: [Apache Tomcat/10.1.16]
2025-08-05 20:36:30 [main] INFO  o.a.c.c.C.[Tomcat].[localhost].[/] - Initializing Spring embedded WebApplicationContext
2025-08-05 20:36:30 [main] INFO  o.s.b.w.s.c.ServletWebServerApplicationContext - Root WebApplicationContext: initialization completed in 1025 ms
2025-08-05 20:36:30 [main] INFO  com.zaxxer.hikari.HikariDataSource - HikariPool-1 - Starting...
2025-08-05 20:36:30 [main] INFO  com.zaxxer.hikari.pool.HikariPool - HikariPool-1 - Added connection conn0: url=jdbc:h2:mem:ecommerce user=DUVANGB
2025-08-05 20:36:30 [main] INFO  com.zaxxer.hikari.HikariDataSource - HikariPool-1 - Start completed.
2025-08-05 20:36:30 [main] INFO  o.s.b.a.h.H2ConsoleAutoConfiguration - H2 console available at '/h2-console'. Database available at 'jdbc:h2:mem:ecommerce'
2025-08-05 20:36:30 [main] INFO  o.h.jpa.internal.util.LogHelper - HHH000204: Processing PersistenceUnitInfo [name: default]
2025-08-05 20:36:30 [main] INFO  org.hibernate.Version - HHH000412: Hibernate ORM core version 6.3.1.Final
2025-08-05 20:36:30 [main] INFO  o.h.c.i.RegionFactoryInitiator - HHH000026: Second-level cache disabled
2025-08-05 20:36:30 [main] INFO  o.s.o.j.p.SpringPersistenceUnitInfo - No LoadTimeWeaver setup: ignoring JPA class transformer
2025-08-05 20:36:30 [main] WARN  org.hibernate.orm.deprecation - HHH90000025: H2Dialect does not need to be specified explicitly using 'hibernate.dialect' (remove the property setting and it will be selected by default)
2025-08-05 20:36:31 [main] INFO  o.h.e.t.j.p.i.JtaPlatformInitiator - HHH000489: No JTA platform available (set 'hibernate.transaction.jta.platform' to enable JTA platform integration)
2025-08-05 20:36:31 [main] INFO  o.s.o.j.LocalContainerEntityManagerFactoryBean - Initialized JPA EntityManagerFactory for persistence unit 'default'
2025-08-05 20:36:31 [main] INFO  o.s.d.j.r.query.QueryEnhancerFactory - Hibernate is in classpath; If applicable, HQL parser will be used.
2025-08-05 20:36:31 [main] WARN  o.s.b.a.o.j.JpaBaseConfiguration$JpaWebConfiguration - spring.jpa.open-in-view is enabled by default. Therefore, database queries may be performed during view rendering. Explicitly configure spring.jpa.open-in-view to disable this warning
2025-08-05 20:36:31 [main] INFO  o.s.s.web.DefaultSecurityFilterChain - Will secure any request with [org.springframework.security.web.session.DisableEncodeUrlFilter@38bb297, org.springframework.security.web.context.request.async.WebAsyncManagerIntegrationFilter@6c96e1d5, org.springframework.security.web.context.SecurityContextHolderFilter@2aa143ba, org.springframework.security.web.header.HeaderWriterFilter@f2bec99, org.springframework.web.filter.CorsFilter@58e9375b, org.springframework.security.web.csrf.CsrfFilter@42cf08a1, org.springframework.security.web.authentication.logout.LogoutFilter@1ca574db, org.springframework.security.web.savedrequest.RequestCacheAwareFilter@372dc92e, org.springframework.security.web.servletapi.SecurityContextHolderAwareRequestFilter@a885aa1, org.springframework.security.web.authentication.AnonymousAuthenticationFilter@d7d984c, org.springframework.security.web.access.ExceptionTranslationFilter@635791b7, org.springframework.security.web.access.intercept.AuthorizationFilter@1afea182]
2025-08-05 20:36:32 [main] INFO  o.s.b.w.e.tomcat.TomcatWebServer - Tomcat started on port 8080 (http) with context path ''
2025-08-05 20:36:32 [main] INFO  c.e.backend.EcommerceApplication - Started EcommerceApplication in 3.365 seconds (process running for 3.632)
2025-08-05 20:36:52 [http-nio-8080-exec-1] WARN  o.s.w.s.h.HandlerMappingIntrospector - Cache miss for REQUEST dispatch to '/h2-console/login.do' (previous null). Performing CorsConfiguration lookup. This is logged once only at WARN level, and every time at TRACE.
2025-08-05 20:36:52 [http-nio-8080-exec-5] INFO  o.a.c.c.C.[Tomcat].[localhost].[/] - Initializing Spring DispatcherServlet 'dispatcherServlet'
2025-08-05 20:36:52 [http-nio-8080-exec-5] INFO  o.s.web.servlet.DispatcherServlet - Initializing Servlet 'dispatcherServlet'
2025-08-05 20:36:52 [http-nio-8080-exec-5] INFO  o.s.web.servlet.DispatcherServlet - Completed initialization in 1 ms
2025-08-05 20:36:52 [http-nio-8080-exec-5] WARN  o.s.w.s.h.HandlerMappingIntrospector - Cache miss for REQUEST dispatch to '/favicon.ico' (previous null). Performing MatchableHandlerMapping lookup. This is logged once only at WARN level, and every time at TRACE.
2025-08-05 20:37:36 [SpringApplicationShutdownHook] INFO  o.s.o.j.LocalContainerEntityManagerFactoryBean - Closing JPA EntityManagerFactory for persistence unit 'default'
2025-08-05 20:37:36 [SpringApplicationShutdownHook] INFO  com.zaxxer.hikari.HikariDataSource - HikariPool-1 - Shutdown initiated...
2025-08-05 20:37:36 [SpringApplicationShutdownHook] INFO  com.zaxxer.hikari.HikariDataSource - HikariPool-1 - Shutdown completed.
2025-08-05 20:37:51 [main] INFO  c.e.backend.EcommerceApplication - Starting EcommerceApplication using Java 17.0.12 with PID 39540 (C:\Users\Rentadvisor\OneDrive\Desktop\Prueba Tecnica\Prueba_Tecnica_2\backend\target\classes started by Rentadvisor in C:\Users\Rentadvisor\OneDrive\Desktop\Prueba Tecnica\Prueba_Tecnica_2\backend)
2025-08-05 20:37:51 [main] INFO  c.e.backend.EcommerceApplication - No active profile set, falling back to 1 default profile: "default"
2025-08-05 20:37:52 [main] INFO  o.s.d.r.c.RepositoryConfigurationDelegate - Bootstrapping Spring Data JPA repositories in DEFAULT mode.
2025-08-05 20:37:52 [main] INFO  o.s.d.r.c.RepositoryConfigurationDelegate - Finished Spring Data repository scanning in 42 ms. Found 3 JPA repository interfaces.
2025-08-05 20:37:52 [main] INFO  o.s.b.w.e.tomcat.TomcatWebServer - Tomcat initialized with port 8080 (http)
2025-08-05 20:37:52 [main] INFO  o.a.catalina.core.StandardService - Starting service [Tomcat]
2025-08-05 20:37:52 [main] INFO  o.a.catalina.core.StandardEngine - Starting Servlet engine: [Apache Tomcat/10.1.16]
2025-08-05 20:37:52 [main] INFO  o.a.c.c.C.[Tomcat].[localhost].[/] - Initializing Spring embedded WebApplicationContext
2025-08-05 20:37:52 [main] INFO  o.s.b.w.s.c.ServletWebServerApplicationContext - Root WebApplicationContext: initialization completed in 1028 ms
2025-08-05 20:37:52 [main] INFO  com.zaxxer.hikari.HikariDataSource - HikariPool-1 - Starting...
2025-08-05 20:37:52 [main] INFO  com.zaxxer.hikari.pool.HikariPool - HikariPool-1 - Added connection conn0: url=jdbc:h2:mem:ecommerce user=DUVANGB
2025-08-05 20:37:52 [main] INFO  com.zaxxer.hikari.HikariDataSource - HikariPool-1 - Start completed.
2025-08-05 20:37:52 [main] INFO  o.s.b.a.h.H2ConsoleAutoConfiguration - H2 console available at '/h2-console'. Database available at 'jdbc:h2:mem:ecommerce'
2025-08-05 20:37:52 [main] INFO  o.h.jpa.internal.util.LogHelper - HHH000204: Processing PersistenceUnitInfo [name: default]
2025-08-05 20:37:52 [main] INFO  org.hibernate.Version - HHH000412: Hibernate ORM core version 6.3.1.Final
2025-08-05 20:37:52 [main] INFO  o.h.c.i.RegionFactoryInitiator - HHH000026: Second-level cache disabled
2025-08-05 20:37:53 [main] INFO  o.s.o.j.p.SpringPersistenceUnitInfo - No LoadTimeWeaver setup: ignoring JPA class transformer
2025-08-05 20:37:53 [main] WARN  org.hibernate.orm.deprecation - HHH90000025: H2Dialect does not need to be specified explicitly using 'hibernate.dialect' (remove the property setting and it will be selected by default)
2025-08-05 20:37:53 [main] INFO  o.h.e.t.j.p.i.JtaPlatformInitiator - HHH000489: No JTA platform available (set 'hibernate.transaction.jta.platform' to enable JTA platform integration)
2025-08-05 20:37:53 [main] DEBUG org.hibernate.SQL - create table products (id bigint generated by default as identity, active boolean not null, created_at timestamp(6), description varchar(500), name varchar(100) not null, price numeric(10,2) not null, stock_quantity integer not null, updated_at timestamp(6), primary key (id))
2025-08-05 20:37:53 [main] DEBUG org.hibernate.SQL - create table roles (id bigint generated by default as identity, name varchar(20) check (name in ('ROLE_USER','ROLE_ADMIN')), primary key (id))
2025-08-05 20:37:53 [main] DEBUG org.hibernate.SQL - create table user_roles (user_id bigint not null, role_id bigint not null, primary key (user_id, role_id))
2025-08-05 20:37:53 [main] DEBUG org.hibernate.SQL - create table users (id bigint generated by default as identity, email varchar(255) not null, is_frequent_customer boolean not null, name varchar(255) not null, password varchar(255) not null, username varchar(255) not null, primary key (id))
2025-08-05 20:37:53 [main] DEBUG org.hibernate.SQL - alter table if exists users drop constraint if exists UK_sx468g52bpetvlad2j9y0lptc
2025-08-05 20:37:53 [main] DEBUG org.hibernate.SQL - alter table if exists users add constraint UK_sx468g52bpetvlad2j9y0lptc unique (email, username)
2025-08-05 20:37:53 [main] DEBUG org.hibernate.SQL - alter table if exists users drop constraint if exists UK_6dotkott2kjsp8vw4d0m25fb7
2025-08-05 20:37:53 [main] DEBUG org.hibernate.SQL - alter table if exists users add constraint UK_6dotkott2kjsp8vw4d0m25fb7 unique (email)
2025-08-05 20:37:53 [main] DEBUG org.hibernate.SQL - alter table if exists users drop constraint if exists UK_r43af9ap4edm43mmtq01oddj6
2025-08-05 20:37:53 [main] DEBUG org.hibernate.SQL - alter table if exists users add constraint UK_r43af9ap4edm43mmtq01oddj6 unique (username)
2025-08-05 20:37:53 [main] DEBUG org.hibernate.SQL - alter table if exists user_roles add constraint FKh8ciramu9cc9q3qcqiv4ue8a6 foreign key (role_id) references roles
2025-08-05 20:37:53 [main] DEBUG org.hibernate.SQL - alter table if exists user_roles add constraint FKhfh9dx7w3ubf1co1vdev94g3f foreign key (user_id) references users
2025-08-05 20:37:53 [main] INFO  o.s.o.j.LocalContainerEntityManagerFactoryBean - Initialized JPA EntityManagerFactory for persistence unit 'default'
2025-08-05 20:37:53 [main] INFO  o.s.d.j.r.query.QueryEnhancerFactory - Hibernate is in classpath; If applicable, HQL parser will be used.
2025-08-05 20:37:54 [main] WARN  o.s.b.a.o.j.JpaBaseConfiguration$JpaWebConfiguration - spring.jpa.open-in-view is enabled by default. Therefore, database queries may be performed during view rendering. Explicitly configure spring.jpa.open-in-view to disable this warning
2025-08-05 20:37:54 [main] INFO  o.s.s.web.DefaultSecurityFilterChain - Will secure any request with [org.springframework.security.web.session.DisableEncodeUrlFilter@2381a837, org.springframework.security.web.context.request.async.WebAsyncManagerIntegrationFilter@7be29ac4, org.springframework.security.web.context.SecurityContextHolderFilter@9cabd07, org.springframework.security.web.header.HeaderWriterFilter@79499fa, org.springframework.web.filter.CorsFilter@2523730b, org.springframework.security.web.csrf.CsrfFilter@40ab1491, org.springframework.security.web.authentication.logout.LogoutFilter@1cb3de26, org.springframework.security.web.savedrequest.RequestCacheAwareFilter@7942987, org.springframework.security.web.servletapi.SecurityContextHolderAwareRequestFilter@5941a2ad, org.springframework.security.web.authentication.AnonymousAuthenticationFilter@25c887ca, org.springframework.security.web.access.ExceptionTranslationFilter@37669c4, org.springframework.security.web.access.intercept.AuthorizationFilter@6757ed9e]
2025-08-05 20:37:54 [main] INFO  o.s.b.w.e.tomcat.TomcatWebServer - Tomcat started on port 8080 (http) with context path ''
2025-08-05 20:37:54 [main] INFO  c.e.backend.EcommerceApplication - Started EcommerceApplication in 3.479 seconds (process running for 3.737)
2025-08-05 20:37:56 [http-nio-8080-exec-1] WARN  o.s.w.s.h.HandlerMappingIntrospector - Cache miss for REQUEST dispatch to '/h2-console/login.do' (previous null). Performing CorsConfiguration lookup. This is logged once only at WARN level, and every time at TRACE.
2025-08-05 20:37:56 [http-nio-8080-exec-8] INFO  o.a.c.c.C.[Tomcat].[localhost].[/] - Initializing Spring DispatcherServlet 'dispatcherServlet'
2025-08-05 20:37:56 [http-nio-8080-exec-8] INFO  o.s.web.servlet.DispatcherServlet - Initializing Servlet 'dispatcherServlet'
2025-08-05 20:37:56 [http-nio-8080-exec-8] INFO  o.s.web.servlet.DispatcherServlet - Completed initialization in 1 ms
2025-08-05 20:37:56 [http-nio-8080-exec-8] WARN  o.s.w.s.h.HandlerMappingIntrospector - Cache miss for REQUEST dispatch to '/favicon.ico' (previous null). Performing MatchableHandlerMapping lookup. This is logged once only at WARN level, and every time at TRACE.
2025-08-05 20:38:21 [SpringApplicationShutdownHook] INFO  o.s.o.j.LocalContainerEntityManagerFactoryBean - Closing JPA EntityManagerFactory for persistence unit 'default'
2025-08-05 20:38:21 [SpringApplicationShutdownHook] INFO  com.zaxxer.hikari.HikariDataSource - HikariPool-1 - Shutdown initiated...
2025-08-05 20:38:21 [SpringApplicationShutdownHook] INFO  com.zaxxer.hikari.HikariDataSource - HikariPool-1 - Shutdown completed.
2025-08-05 20:39:59 [main] INFO  c.e.backend.EcommerceApplication - Starting EcommerceApplication using Java 17.0.12 with PID 3004 (C:\Users\Rentadvisor\OneDrive\Desktop\Prueba Tecnica\Prueba_Tecnica_2\backend\target\classes started by Rentadvisor in C:\Users\Rentadvisor\OneDrive\Desktop\Prueba Tecnica\Prueba_Tecnica_2\backend)
2025-08-05 20:39:59 [main] INFO  c.e.backend.EcommerceApplication - No active profile set, falling back to 1 default profile: "default"
2025-08-05 20:40:00 [main] INFO  o.s.d.r.c.RepositoryConfigurationDelegate - Bootstrapping Spring Data JPA repositories in DEFAULT mode.
2025-08-05 20:40:00 [main] INFO  o.s.d.r.c.RepositoryConfigurationDelegate - Finished Spring Data repository scanning in 41 ms. Found 3 JPA repository interfaces.
2025-08-05 20:40:00 [main] INFO  o.s.b.w.e.tomcat.TomcatWebServer - Tomcat initialized with port 8080 (http)
2025-08-05 20:40:00 [main] INFO  o.a.catalina.core.StandardService - Starting service [Tomcat]
2025-08-05 20:40:00 [main] INFO  o.a.catalina.core.StandardEngine - Starting Servlet engine: [Apache Tomcat/10.1.16]
2025-08-05 20:40:00 [main] INFO  o.a.c.c.C.[Tomcat].[localhost].[/] - Initializing Spring embedded WebApplicationContext
2025-08-05 20:40:00 [main] INFO  o.s.b.w.s.c.ServletWebServerApplicationContext - Root WebApplicationContext: initialization completed in 1048 ms
2025-08-05 20:40:00 [main] INFO  com.zaxxer.hikari.HikariDataSource - HikariPool-1 - Starting...
2025-08-05 20:40:01 [main] INFO  com.zaxxer.hikari.pool.HikariPool - HikariPool-1 - Added connection conn0: url=jdbc:h2:mem:ecommerce user=DUVANGB
2025-08-05 20:40:01 [main] INFO  com.zaxxer.hikari.HikariDataSource - HikariPool-1 - Start completed.
2025-08-05 20:40:01 [main] INFO  o.s.b.a.h.H2ConsoleAutoConfiguration - H2 console available at '/h2-console'. Database available at 'jdbc:h2:mem:ecommerce'
2025-08-05 20:40:01 [main] INFO  o.h.jpa.internal.util.LogHelper - HHH000204: Processing PersistenceUnitInfo [name: default]
2025-08-05 20:40:01 [main] INFO  org.hibernate.Version - HHH000412: Hibernate ORM core version 6.3.1.Final
2025-08-05 20:40:01 [main] INFO  o.h.c.i.RegionFactoryInitiator - HHH000026: Second-level cache disabled
2025-08-05 20:40:01 [main] INFO  o.s.o.j.p.SpringPersistenceUnitInfo - No LoadTimeWeaver setup: ignoring JPA class transformer
2025-08-05 20:40:01 [main] WARN  org.hibernate.orm.deprecation - HHH90000025: H2Dialect does not need to be specified explicitly using 'hibernate.dialect' (remove the property setting and it will be selected by default)
2025-08-05 20:40:02 [main] INFO  o.h.e.t.j.p.i.JtaPlatformInitiator - HHH000489: No JTA platform available (set 'hibernate.transaction.jta.platform' to enable JTA platform integration)
2025-08-05 20:40:02 [main] DEBUG org.hibernate.SQL - drop table if exists products cascade 
2025-08-05 20:40:02 [main] DEBUG org.hibernate.SQL - drop table if exists roles cascade 
2025-08-05 20:40:02 [main] DEBUG org.hibernate.SQL - drop table if exists user_roles cascade 
2025-08-05 20:40:02 [main] DEBUG org.hibernate.SQL - drop table if exists users cascade 
2025-08-05 20:40:02 [main] DEBUG org.hibernate.SQL - create table products (active boolean not null, price numeric(10,2) not null, stock_quantity integer not null, created_at timestamp(6), id bigint generated by default as identity, updated_at timestamp(6), name varchar(100) not null, description varchar(500), primary key (id))
2025-08-05 20:40:02 [main] DEBUG org.hibernate.SQL - create table roles (id bigint generated by default as identity, name varchar(20) check (name in ('ROLE_USER','ROLE_ADMIN')), primary key (id))
2025-08-05 20:40:02 [main] DEBUG org.hibernate.SQL - create table user_roles (role_id bigint not null, user_id bigint not null, primary key (role_id, user_id))
2025-08-05 20:40:02 [main] DEBUG org.hibernate.SQL - create table users (is_frequent_customer boolean not null, id bigint generated by default as identity, email varchar(255) not null unique, name varchar(255) not null, password varchar(255) not null, username varchar(255) not null unique, primary key (id), unique (email, username))
2025-08-05 20:40:02 [main] DEBUG org.hibernate.SQL - alter table if exists user_roles add constraint FKh8ciramu9cc9q3qcqiv4ue8a6 foreign key (role_id) references roles
2025-08-05 20:40:02 [main] DEBUG org.hibernate.SQL - alter table if exists user_roles add constraint FKhfh9dx7w3ubf1co1vdev94g3f foreign key (user_id) references users
2025-08-05 20:40:02 [main] INFO  o.s.o.j.LocalContainerEntityManagerFactoryBean - Initialized JPA EntityManagerFactory for persistence unit 'default'
2025-08-05 20:40:02 [main] INFO  o.s.d.j.r.query.QueryEnhancerFactory - Hibernate is in classpath; If applicable, HQL parser will be used.
2025-08-05 20:40:02 [main] WARN  o.s.b.a.o.j.JpaBaseConfiguration$JpaWebConfiguration - spring.jpa.open-in-view is enabled by default. Therefore, database queries may be performed during view rendering. Explicitly configure spring.jpa.open-in-view to disable this warning
2025-08-05 20:40:02 [main] INFO  o.s.s.web.DefaultSecurityFilterChain - Will secure any request with [org.springframework.security.web.session.DisableEncodeUrlFilter@9cabd07, org.springframework.security.web.context.request.async.WebAsyncManagerIntegrationFilter@2a32be8d, org.springframework.security.web.context.SecurityContextHolderFilter@724d4c0a, org.springframework.security.web.header.HeaderWriterFilter@46f32536, org.springframework.web.filter.CorsFilter@7942987, org.springframework.security.web.csrf.CsrfFilter@30769e7a, org.springframework.security.web.authentication.logout.LogoutFilter@765611c9, org.springframework.security.web.savedrequest.RequestCacheAwareFilter@fd9512f, org.springframework.security.web.servletapi.SecurityContextHolderAwareRequestFilter@698c19ef, org.springframework.security.web.authentication.AnonymousAuthenticationFilter@5941a2ad, org.springframework.security.web.access.ExceptionTranslationFilter@460222eb, org.springframework.security.web.access.intercept.AuthorizationFilter@79499fa]
2025-08-05 20:40:03 [main] INFO  o.s.b.w.e.tomcat.TomcatWebServer - Tomcat started on port 8080 (http) with context path ''
2025-08-05 20:40:03 [main] INFO  c.e.backend.EcommerceApplication - Started EcommerceApplication in 3.498 seconds (process running for 3.795)
